<?xml version="1.0" encoding="UTF-8"?>
<!-- Generated by org.testng.reporters.JUnitXMLReporter -->
<testsuite ignored="2" hostname="DESKTOP-7PTRHU1" failures="0" tests="1" name="Test" time="0.045" errors="0" timestamp="2021-11-19T17:49:09 IST">
  <testcase classname="com.guru99.demo.testcases.RegistrationPageTests" name="test2" time="0.006"/>
  <testcase classname="com.guru99.demo.testcases.RegistrationPageTests" name="test1" time="0.0">
    <ignored/>
  </testcase> <!-- test1 -->
  <testcase classname="com.guru99.demo.testcases.RegistrationPageTests" name="test" time="0.0">
    <ignored/>
  </testcase> <!-- test -->
</testsuite> <!-- Test -->
