<?xml version="1.0" encoding="UTF-8"?>
<!-- Generated by org.testng.reporters.JUnitXMLReporter -->
<testsuite ignored="0" hostname="DESKTOP-7PTRHU1" failures="0" tests="3" name="Default test" time="0.05" errors="0" timestamp="2021-11-19T17:54:12 IST">
  <testcase classname="com.guru99.demo.testcases.RegistrationPageTests" name="test" time="0.006"/>
  <testcase classname="com.guru99.demo.testcases.RegistrationPageTests" name="test1" time="0.001"/>
  <testcase classname="com.guru99.demo.testcases.RegistrationPageTests" name="test2" time="0.0"/>
</testsuite> <!-- Default test -->
